SF:lib\data\models\country_summary.dart
DA:15,1
DA:16,1
DA:20,6
DA:21,6
LF:4
LH:4
end_of_record
SF:lib\data\models\country_summary.g.dart
DA:9,1
DA:10,1
DA:11,1
DA:12,1
DA:13,2
DA:14,1
DA:17,1
DA:19,1
DA:20,1
DA:21,1
DA:22,1
DA:23,1
LF:12
LH:12
end_of_record
SF:lib\data\models\country_details.dart
DA:20,1
DA:21,1
DA:25,6
DA:26,6
DA:27,18
LF:5
LH:5
end_of_record
SF:lib\data\models\country_details.g.dart
DA:9,1
DA:10,1
DA:11,1
DA:12,1
DA:13,2
DA:14,2
DA:15,1
DA:16,1
DA:17,2
DA:18,1
DA:19,1
DA:20,1
DA:21,2
DA:22,1
DA:25,1
DA:27,1
DA:28,1
DA:29,1
DA:30,1
DA:31,1
DA:32,1
DA:33,1
DA:34,1
DA:35,1
LF:24
LH:24
end_of_record
SF:lib\data\models\favorites_model.dart
DA:15,2
DA:16,2
LF:2
LH:2
end_of_record
SF:lib\data\models\favorites_model.g.dart
DA:9,2
DA:11,2
DA:12,2
DA:13,2
DA:14,2
DA:15,2
DA:18,1
DA:20,1
DA:21,1
DA:22,1
DA:23,1
DA:24,1
LF:12
LH:12
end_of_record
SF:lib\logic\countries\countries_bloc.dart
DA:10,2
DA:12,2
DA:13,1
DA:14,1
DA:15,1
DA:17,2
DA:18,2
DA:20,3
DA:23,1
DA:24,1
DA:26,3
DA:27,2
DA:29,3
LF:13
LH:13
end_of_record
SF:lib\logic\country_details\country_details_bloc.dart
DA:10,2
DA:11,2
DA:12,1
DA:13,1
DA:14,1
DA:16,3
DA:17,2
DA:19,3
LF:8
LH:8
end_of_record
SF:lib\data\repositories\country_repository.dart
DA:11,0
DA:13,0
DA:14,0
DA:15,0
DA:17,0
DA:18,0
DA:19,0
DA:22,0
DA:23,0
DA:24,0
DA:26,0
DA:27,0
DA:28,0
DA:31,0
DA:32,0
DA:33,0
DA:36,0
DA:37,0
DA:38,0
DA:40,0
LF:20
LH:0
end_of_record
SF:lib\presentation\pages\splash_page.dart
DA:11,3
DA:13,2
DA:14,2
DA:21,2
DA:23,2
DA:24,4
DA:27,2
DA:29,2
DA:33,2
DA:34,2
DA:35,0
DA:36,0
DA:40,1
DA:42,2
DA:43,1
DA:46,2
DA:48,2
DA:49,2
DA:50,4
DA:51,4
DA:52,4
DA:60,2
DA:62,0
DA:64,0
DA:65,0
DA:66,0
DA:67,0
DA:69,0
DA:70,0
DA:72,0
DA:74,0
DA:75,0
DA:76,0
DA:77,0
DA:78,0
DA:79,0
DA:80,0
DA:82,0
DA:96,2
DA:98,2
DA:100,2
DA:101,6
DA:102,2
DA:103,2
DA:105,2
DA:106,2
DA:108,2
DA:115,2
DA:117,2
DA:118,2
DA:119,2
DA:120,2
DA:121,4
DA:122,2
DA:123,4
DA:125,4
DA:139,2
DA:141,0
DA:143,0
DA:144,0
DA:145,0
DA:146,0
DA:148,0
DA:149,0
DA:151,0
DA:158,0
DA:160,0
DA:163,0
DA:165,0
DA:169,0
DA:171,0
DA:173,0
DA:179,0
DA:181,0
DA:182,0
DA:183,0
DA:184,0
DA:185,0
DA:186,0
DA:187,0
DA:189,0
LF:81
LH:39
end_of_record
SF:lib\core\utils\responsive.dart
DA:8,3
DA:15,1
DA:16,4
DA:18,3
DA:19,12
DA:20,12
DA:22,3
DA:23,12
DA:25,3
DA:27,3
DA:28,9
DA:29,0
LF:12
LH:11
end_of_record
SF:lib\core\di\service_locator.dart
DA:10,0
DA:13,0
DA:16,0
DA:20,0
DA:21,0
DA:24,0
DA:25,0
DA:26,0
DA:27,0
LF:9
LH:0
end_of_record
SF:lib\core\api\dio_client.dart
DA:9,0
DA:10,0
DA:15,0
DA:16,0
DA:17,0
DA:21,0
DA:28,0
DA:29,0
DA:30,0
DA:38,0
DA:39,0
DA:40,0
DA:41,0
DA:42,0
DA:43,0
DA:44,0
DA:45,0
DA:47,0
DA:55,0
DA:59,0
DA:67,0
DA:68,0
DA:71,0
DA:73,0
DA:74,0
DA:77,0
DA:82,0
DA:83,0
DA:85,0
DA:89,0
DA:96,0
DA:102,0
DA:103,0
DA:105,0
DA:109,0
DA:116,0
DA:122,0
DA:123,0
DA:125,0
DA:129,0
DA:135,0
DA:140,0
DA:141,0
DA:143,0
DA:147,0
DA:150,0
DA:152,0
LF:47
LH:0
end_of_record
SF:lib\data\repositories\favorite_repository.dart
DA:6,0
DA:7,0
DA:10,0
DA:11,0
DA:14,0
DA:15,0
LF:6
LH:0
end_of_record
SF:lib\logic\favorites.dart\favorites_bloc.dart
DA:10,0
DA:11,0
DA:12,0
DA:13,0
DA:14,0
DA:15,0
DA:17,0
DA:19,0
DA:20,0
DA:21,0
DA:24,0
DA:25,0
DA:27,0
DA:30,0
DA:31,0
LF:15
LH:0
end_of_record
SF:lib\logic\theme\theme_bloc.dart
DA:8,4
DA:9,2
DA:10,2
DA:13,1
DA:14,1
DA:15,2
DA:18,0
DA:19,0
DA:20,0
DA:21,0
LF:10
LH:6
end_of_record
SF:lib\core\router\app_router.dart
DA:14,1
DA:15,1
DA:16,1
DA:17,2
DA:19,0
DA:20,0
DA:21,0
DA:22,0
DA:23,0
DA:24,0
DA:30,0
DA:31,0
DA:32,0
DA:33,0
DA:34,0
DA:35,0
DA:36,0
DA:37,0
DA:38,0
DA:44,0
LF:20
LH:4
end_of_record
SF:lib\presentation\pages\not_found_page.dart
DA:9,2
DA:11,0
DA:12,0
DA:16,0
DA:19,0
DA:20,0
DA:21,0
DA:22,0
DA:23,0
DA:24,0
DA:25,0
DA:26,0
DA:27,0
DA:28,0
DA:29,0
DA:30,0
DA:32,0
DA:33,0
DA:34,0
DA:35,0
DA:36,0
DA:37,0
DA:39,0
DA:40,0
DA:42,0
DA:43,0
DA:44,0
DA:45,0
DA:46,0
DA:48,0
DA:49,0
DA:50,0
DA:51,0
DA:53,0
DA:54,0
DA:56,0
DA:57,0
DA:59,0
DA:60,0
DA:62,0
DA:70,0
DA:73,0
DA:75,0
DA:78,0
LF:44
LH:1
end_of_record
SF:lib\presentation\pages\home_page.dart
DA:23,2
DA:25,0
DA:26,0
DA:35,0
DA:37,0
DA:38,0
DA:39,0
DA:42,0
DA:44,0
DA:45,0
DA:46,0
DA:49,0
DA:50,0
DA:51,0
DA:52,0
DA:53,0
DA:55,0
DA:60,0
DA:61,0
DA:64,0
DA:65,0
DA:68,0
DA:70,0
DA:72,0
DA:73,0
DA:74,0
DA:75,0
DA:76,0
DA:77,0
DA:78,0
DA:82,0
DA:87,0
DA:89,0
DA:90,0
DA:91,0
DA:100,0
DA:106,0
DA:107,0
DA:108,0
DA:110,0
DA:112,0
DA:115,0
DA:116,0
DA:121,0
DA:123,0
DA:125,0
DA:126,0
DA:128,0
DA:136,0
DA:142,0
DA:143,0
DA:144,0
DA:145,0
DA:146,0
DA:147,0
DA:149,0
DA:150,0
DA:151,0
DA:154,0
DA:156,0
DA:157,0
DA:158,0
DA:160,0
DA:161,0
DA:162,0
DA:167,0
DA:168,0
DA:169,0
DA:170,0
DA:171,0
DA:174,0
DA:175,0
DA:179,0
DA:180,0
DA:181,0
DA:182,0
DA:183,0
DA:184,0
DA:186,0
DA:188,0
DA:189,0
DA:192,0
DA:193,0
DA:194,0
DA:195,0
DA:199,0
DA:200,0
DA:201,0
DA:202,0
DA:204,0
DA:207,0
DA:208,0
DA:215,0
DA:219,0
DA:220,0
DA:224,0
DA:225,0
DA:226,0
DA:227,0
DA:229,0
DA:231,0
DA:232,0
DA:235,0
DA:236,0
DA:237,0
DA:238,0
DA:242,0
DA:244,0
DA:245,0
DA:246,0
DA:248,0
DA:251,0
DA:252,0
DA:260,0
DA:261,0
DA:265,0
DA:275,0
DA:276,0
DA:277,0
DA:278,0
DA:279,0
DA:280,0
DA:281,0
DA:283,0
DA:284,0
DA:287,0
DA:288,0
DA:289,0
DA:290,0
DA:291,0
DA:292,0
DA:294,0
DA:295,0
DA:296,0
DA:299,0
DA:300,0
DA:301,0
DA:302,0
DA:306,0
DA:307,0
DA:308,0
DA:309,0
DA:310,0
DA:311,0
DA:314,0
DA:315,0
DA:321,0
DA:323,0
DA:324,0
DA:327,0
DA:328,0
DA:329,0
DA:330,0
DA:332,0
DA:333,0
DA:334,0
DA:337,0
DA:338,0
DA:339,0
DA:340,0
DA:344,0
DA:345,0
DA:346,0
DA:347,0
DA:348,0
DA:349,0
DA:352,0
DA:353,0
DA:360,0
DA:361,0
DA:365,0
DA:366,0
DA:372,0
DA:373,0
DA:375,0
DA:377,0
DA:382,0
DA:383,0
DA:385,0
DA:387,0
DA:388,0
DA:389,0
DA:390,0
LF:183
LH:1
end_of_record
SF:lib\presentation\pages\country_detail_page.dart
DA:16,1
DA:23,1
DA:24,1
DA:28,1
DA:30,1
DA:31,3
DA:32,3
DA:36,1
DA:38,1
DA:39,4
DA:40,1
DA:41,1
DA:42,1
DA:43,1
DA:44,1
DA:45,1
DA:46,1
DA:47,1
DA:48,1
DA:51,2
DA:52,1
DA:54,1
DA:55,2
DA:57,1
DA:58,3
DA:59,3
DA:73,1
DA:78,2
DA:80,1
DA:82,1
DA:84,1
DA:86,1
DA:88,1
DA:89,1
DA:90,2
DA:91,1
DA:92,1
DA:93,1
DA:94,2
DA:95,1
DA:102,1
DA:104,3
DA:107,2
DA:108,2
DA:109,2
DA:110,3
DA:111,3
DA:113,4
DA:116,1
DA:119,1
DA:120,1
DA:121,2
DA:122,1
DA:124,2
DA:125,2
DA:128,1
DA:130,3
DA:133,1
DA:142,1
DA:143,1
DA:145,1
DA:147,1
DA:148,5
DA:149,1
DA:150,1
DA:153,4
LF:66
LH:66
end_of_record
SF:lib\core\themes\app_theme.dart
DA:6,3
DA:10,1
DA:58,0
DA:62,0
DA:75,0
DA:76,0
DA:79,0
DA:82,0
DA:85,0
LF:9
LH:2
end_of_record
SF:lib\core\config\app_config.dart
DA:4,0
LF:1
LH:0
end_of_record
SF:lib\core\utils\preferences.dart
DA:13,0
DA:14,0
DA:17,0
DA:19,0
DA:20,0
DA:23,0
DA:24,0
DA:25,0
DA:26,0
DA:27,0
DA:30,0
DA:31,0
DA:34,1
DA:35,0
DA:38,0
DA:39,0
LF:16
LH:1
end_of_record
SF:lib\logic\theme\theme_state.dart
DA:6,1
DA:8,1
DA:9,2
LF:3
LH:3
end_of_record
SF:lib\logic\theme\theme_event.dart
DA:4,0
DA:5,0
LF:2
LH:0
end_of_record
SF:lib\main.dart
DA:14,3
DA:16,0
DA:17,0
DA:19,0
DA:20,0
DA:21,0
DA:22,0
DA:24,0
DA:28,3
DA:30,1
DA:32,1
DA:33,4
DA:34,1
DA:35,1
DA:36,1
DA:38,2
DA:42,1
LF:17
LH:10
end_of_record
SF:lib\presentation\widgets\country_list_item.dart
DA:10,0
DA:18,0
DA:20,0
DA:21,0
DA:22,0
DA:23,0
DA:24,0
DA:30,0
DA:31,0
DA:32,0
DA:34,0
DA:35,0
DA:36,0
DA:37,0
DA:40,0
DA:41,0
DA:42,0
DA:43,0
DA:44,0
DA:47,0
LF:20
LH:0
end_of_record
SF:lib\presentation\widgets\favorite_list_item.dart
DA:10,0
DA:18,0
DA:20,0
DA:21,0
DA:22,0
DA:23,0
DA:24,0
DA:30,0
DA:31,0
DA:32,0
DA:34,0
DA:35,0
DA:36,0
DA:37,0
DA:40,0
DA:41,0
DA:42,0
DA:43,0
DA:44,0
DA:47,0
LF:20
LH:0
end_of_record
SF:lib\presentation\widgets\search_widget.dart
DA:21,0
DA:42,0
DA:44,0
DA:46,0
DA:47,0
DA:48,0
DA:53,0
DA:54,0
DA:56,0
DA:58,0
DA:59,0
DA:60,0
DA:61,0
DA:63,0
DA:67,0
DA:68,0
DA:69,0
DA:70,0
DA:72,0
DA:73,0
DA:74,0
DA:75,0
DA:77,0
DA:79,0
DA:80,0
DA:81,0
DA:82,0
DA:83,0
DA:84,0
DA:85,0
DA:86,0
DA:87,0
DA:88,0
DA:89,0
DA:90,0
DA:91,0
DA:94,0
DA:96,0
DA:97,0
DA:98,0
DA:101,0
DA:102,0
DA:105,0
DA:106,0
DA:108,0
DA:109,0
DA:111,0
DA:113,0
LF:48
LH:0
end_of_record
SF:lib\presentation\widgets\shimmer_loader.dart
DA:6,2
DA:8,0
DA:10,0
DA:13,0
DA:14,0
DA:16,0
DA:18,0
DA:19,0
DA:22,0
DA:23,0
DA:26,0
DA:27,0
DA:28,0
DA:31,0
DA:34,0
DA:35,0
DA:36,0
DA:39,0
DA:43,0
DA:44,0
DA:45,0
DA:57,4
DA:59,1
DA:61,1
DA:64,3
DA:65,3
DA:67,1
DA:69,1
DA:72,1
DA:74,1
DA:76,1
DA:79,1
DA:80,3
DA:81,1
DA:87,1
DA:90,1
DA:91,3
DA:92,1
DA:98,1
DA:99,1
DA:100,1
DA:101,1
DA:102,1
DA:107,1
DA:110,1
DA:111,3
DA:112,1
DA:118,1
DA:120,1
DA:122,2
DA:125,1
DA:126,3
DA:127,1
DA:138,1
DA:139,1
DA:141,1
DA:143,1
DA:144,1
DA:147,1
DA:148,3
DA:149,1
DA:152,1
DA:155,1
DA:156,3
DA:157,1
LF:65
LH:45
end_of_record
SF:lib\core\api\api_exceptions.dart
DA:9,0
DA:11,0
DA:13,0
DA:15,0
DA:16,0
DA:17,0
DA:18,0
DA:19,0
DA:20,0
DA:22,0
DA:25,0
DA:26,0
DA:28,0
DA:29,0
DA:30,0
DA:31,0
DA:33,0
DA:34,0
DA:37,0
DA:39,0
DA:40,0
DA:44,0
DA:45,0
DA:47,0
DA:50,0
DA:51,0
DA:52,0
DA:54,0
DA:57,0
DA:58,0
DA:59,0
DA:62,0
DA:63,0
DA:65,0
DA:68,0
DA:69,0
DA:71,0
LF:37
LH:0
end_of_record
